Removed Pin From Net: NetName=NetR10_1 Pin=U3-1
Removed Pin From Net: NetName=NetR10_2 Pin=U3-2
Removed Pin From Net: NetName=NetC9_1 Pin=U3-3
Removed Pin From Net: NetName=3V3 Pin=U3-4
Removed Pin From Net: NetName=NetC8_1 Pin=U3-5
Removed Pin From Net: NetName=NetR9_2 Pin=U3-6
Removed Pin From Net: NetName=NetR9_1 Pin=U3-7
Removed Pin From Net: NetName=NetR11_1 Pin=U3-8
Removed Pin From Net: NetName=NetR11_1 Pin=U3-9
Removed Pin From Net: NetName=NetC7_1 Pin=U3-10
Removed Pin From Net: NetName=PGND Pin=U3-11
Added Component: Designator=U3(ADI-R-14_M)
Add component (AddParameter): Name = "Amplifier Type"; Value = "GENERAL PURPOSE"; VariantName = "[No Variations]"
Add component (AddParameter): Name = "Bandwidth"; Value = "1MHz"; VariantName = "[No Variations]"
Add component (AddParameter): Name = "Case/Package"; Value = "R"; VariantName = "[No Variations]"
Add component (AddParameter): Name = "Common Mode Rejection Ratio"; Value = "40dB"; VariantName = "[No Variations]"
Add component (AddParameter): Name = "Contact Plating"; Value = "Tin,Matte"; VariantName = "[No Variations]"
Add component (AddParameter): Name = "Gain Bandwidth Product"; Value = "1MHz"; VariantName = "[No Variations]"
Add component (AddParameter): Name = "Height"; Value = "1.5mm"; VariantName = "[No Variations]"
Add component (AddParameter): Name = "Input Bias Current"; Value = "4pA"; VariantName = "[No Variations]"
Add component (AddParameter): Name = "Input Offset Voltage (Vos)"; Value = "6mV"; VariantName = "[No Variations]"
Add component (AddParameter): Name = "Input Voltage Noise Density"; Value = "42nV/sqrt Hz"; VariantName = "[No Variations]"
Add component (AddParameter): Name = "Lead Free"; Value = "Contains Lead"; VariantName = "[No Variations]"
Add component (AddParameter): Name = "Length"; Value = "8.75mm"; VariantName = "[No Variations]"
Add component (AddParameter): Name = "Max Operating Temperature"; Value = "125°C"; VariantName = "[No Variations]"
Add component (AddParameter): Name = "Max Supply Voltage"; Value = "5.5V"; VariantName = "[No Variations]"
Add component (AddParameter): Name = "Min Operating Temperature"; Value = "-40°C"; VariantName = "[No Variations]"
Add component (AddParameter): Name = "Min Supply Voltage"; Value = "2.7V"; VariantName = "[No Variations]"
Add component (AddParameter): Name = "Number of Amplifiers"; Value = "4"; VariantName = "[No Variations]"
Add component (AddParameter): Name = "Number of Channels"; Value = "4"; VariantName = "[No Variations]"
Add component (AddParameter): Name = "Number of Circuits"; Value = "4"; VariantName = "[No Variations]"
Add component (AddParameter): Name = "Number of Elements"; Value = "4"; VariantName = "[No Variations]"
Add component (AddParameter): Name = "Operating Supply Current"; Value = "260uA"; VariantName = "[No Variations]"
Add component (AddParameter): Name = "Operating Supply Voltage"; Value = "5V"; VariantName = "[No Variations]"
Add component (AddParameter): Name = "Output Current per Channel"; Value = "30mA"; VariantName = "[No Variations]"
Add component (AddParameter): Name = "Package Quantity"; Value = "56"; VariantName = "[No Variations]"
Add component (AddParameter): Name = "Packaging"; Value = "Rail/Tube"; VariantName = "[No Variations]"
Add component (AddParameter): Name = "Pins"; Value = "14"; VariantName = "[No Variations]"
Add component (AddParameter): Name = "Power Supply Rejection Ratio (PSRR)"; Value = "76dB"; VariantName = "[No Variations]"
Add component (AddParameter): Name = "Quiescent Current"; Value = "65uA"; VariantName = "[No Variations]"
Add component (AddParameter): Name = "Radiation Hardening"; Value = "No"; VariantName = "[No Variations]"
Add component (AddParameter): Name = "Reach SVHC Compliant"; Value = "No"; VariantName = "[No Variations]"
Add component (AddParameter): Name = "RoHS Compliant"; Value = "Yes"; VariantName = "[No Variations]"
Add component (AddParameter): Name = "Series"; Value = "-"; VariantName = "[No Variations]"
Add component (AddParameter): Name = "Settling Time"; Value = "6us"; VariantName = "[No Variations]"
Add component (AddParameter): Name = "Slew Rate"; Value = "0.92V/µs"; VariantName = "[No Variations]"
Add component (AddParameter): Name = "Technology"; Value = "CMOS"; VariantName = "[No Variations]"
Add component (AddParameter): Name = "Unity Gain Bandwidth Product"; Value = "1MHz"; VariantName = "[No Variations]"
Add component (AddParameter): Name = "Voltage Gain"; Value = "92.04dB"; VariantName = "[No Variations]"
Add component (AddParameter): Name = "Width"; Value = "4mm"; VariantName = "[No Variations]"
Added Pin To Net: NetName=NetR11_1 Pin=U3-1
Added Pin To Net: NetName=NetR11_1 Pin=U3-2
Added Pin To Net: NetName=NetC7_1 Pin=U3-3
Added Pin To Net: NetName=3V3 Pin=U3-4
Added Pin To Net: NetName=NetC8_1 Pin=U3-5
Added Pin To Net: NetName=NetR9_2 Pin=U3-6
Added Pin To Net: NetName=NetR9_1 Pin=U3-7
Added Pin To Net: NetName=NetR10_1 Pin=U3-8
Added Pin To Net: NetName=NetR10_2 Pin=U3-9
Added Pin To Net: NetName=NetC9_1 Pin=U3-10
Added Pin To Net: NetName=GND Pin=U3-11
Added Pin To Net: NetName=PGND Pin=U3-11
Added Member To Class: ClassName=KamiGen2 Member=Component C7 C1206C104K3RACTU
Added Member To Class: ClassName=KamiGen2 Member=Component C11 C1206C104K3RACTU
Added Member To Class: ClassName=KamiGen2 Member=Component C13 C1206C104K3RACTU
Added Member To Class: ClassName=KamiGen2 Member=Component R9 RC0805FR-07100KL
Added Member To Class: ClassName=KamiGen2 Member=Component R10 RC0805FR-07100KL
Added Member To Class: ClassName=KamiGen2 Member=Component R11 ERJ-14NF1001U
