Update Managed Component C1 From CMP-00100-1[C1206C104K3RACTU] To CMP-00100-1[C1206C104K3RACTU] in KamiGen2.SchDoc
Update Managed Component C2 From CMP-00100-1[C1206C104K3RACTU] To CMP-00100-1[C1206C104K3RACTU] in KamiGen2.SchDoc
Update Managed Component C3 From CMP-2000-05172-1[T491A106K010AT] To CMP-2000-05172-1[T491A106K010AT] in KamiGen2.SchDoc
Update Managed Component C4 From CMP-2000-05172-1[T491A106K010AT] To CMP-2000-05172-1[T491A106K010AT] in KamiGen2.SchDoc
Update Managed Component C5 From CMP-00100-1[C1206C104K3RACTU] To CMP-00100-1[C1206C104K3RACTU] in KamiGen2.SchDoc
Update Managed Component C6 From CMP-00100-1[C1206C104K3RACTU] To CMP-00100-1[C1206C104K3RACTU] in KamiGen2.SchDoc
Update Managed Component C7 From CMP-00100-1[C1206C104K3RACTU] To CMP-00100-1[C1206C104K3RACTU] in KamiGen2.SchDoc
Update Managed Component C8 From CMP-00100-1[C1206C104K3RACTU] To CMP-00100-1[C1206C104K3RACTU] in KamiGen2.SchDoc
Update Managed Component C9 From CMP-00100-1[C1206C104K3RACTU] To CMP-00100-1[C1206C104K3RACTU] in KamiGen2.SchDoc
Update Managed Component C10 From CMP-00100-1[C1206C104K3RACTU] To CMP-00100-1[C1206C104K3RACTU] in KamiGen2.SchDoc
Update Managed Component C11 From CMP-00100-1[C1206C104K3RACTU] To CMP-00100-1[C1206C104K3RACTU] in KamiGen2.SchDoc
Update Managed Component C12 From CMP-00100-1[C1206C104K3RACTU] To CMP-00100-1[C1206C104K3RACTU] in KamiGen2.SchDoc
Update Managed Component C13 From CMP-00100-1[C1206C104K3RACTU] To CMP-00100-1[C1206C104K3RACTU] in KamiGen2.SchDoc
Update Managed Component C14 From CMP-00100-1[C1206C104K3RACTU] To CMP-00100-1[C1206C104K3RACTU] in KamiGen2.SchDoc
Update Managed Component J1 From CMP-064-000001-2[S2B-PH-SM4-TB(LF)(SN)] To CMP-064-000001-2[S2B-PH-SM4-TB(LF)(SN)] in KamiGen2.SchDoc
Update Managed Component J2 From CMP-00112-1[RPi 40 Pin Header] To CMP-00112-1[40 Pin Header (2.54mm)] in KamiGen2.SchDoc
Update Managed Component J3 From CMP-064-000001-2[S2B-PH-SM4-TB(LF)(SN)] To CMP-064-000001-2[S2B-PH-SM4-TB(LF)(SN)] in KamiGen2.SchDoc
Update Managed Component R3 From CMP-2001-04908-2[CRCW080510K0FKEA] To CMP-2001-04908-2[CRCW080510K0FKEA] in KamiGen2.SchDoc
Update Managed Component R4 From CMP-2001-04908-2[CRCW080510K0FKEA] To CMP-2001-04908-2[CRCW080510K0FKEA] in KamiGen2.SchDoc
Update Managed Component R5 From CMP-2001-04908-2[CRCW080510K0FKEA] To CMP-2001-04908-2[CRCW080510K0FKEA] in KamiGen2.SchDoc
Update Managed Component R6 From CMP-2001-04439-3[ERJ-6ENF1502V] To CMP-2001-04439-3[ERJ-6ENF1502V] in KamiGen2.SchDoc
Update Managed Component R7 From CMP-2001-04439-3[ERJ-6ENF1502V] To CMP-2001-04439-3[ERJ-6ENF1502V] in KamiGen2.SchDoc
Update Managed Component R8 From CMP-2001-04439-3[ERJ-6ENF1502V] To CMP-2001-04439-3[ERJ-6ENF1502V] in KamiGen2.SchDoc
Update Managed Component R9 From CMP-2100-03668-5[RC0805FR-07100KL] To CMP-2100-03668-5[RC0805FR-07100KL] in KamiGen2.SchDoc
Update Managed Component R10 From CMP-2100-03668-5[RC0805FR-07100KL] To CMP-2100-03668-5[RC0805FR-07100KL] in KamiGen2.SchDoc
Update Managed Component R11 From CMP-00078-1[ERJ-14NF1001U] To CMP-00078-1[ERJ-14NF1001U] in KamiGen2.SchDoc
Update Managed Component R12 From CMP-2001-00704-1[ERA-6YEB101V] To CMP-2001-00704-1[ERA-6YEB101V] in KamiGen2.SchDoc
Update Managed Component R13 From CMP-2001-00704-1[ERA-6YEB101V] To CMP-2001-00704-1[ERA-6YEB101V] in KamiGen2.SchDoc
Update Managed Component R14 From CMP-00078-1[ERJ-14NF1001U] To CMP-00078-1[ERJ-14NF1001U] in KamiGen2.SchDoc
Update Managed Component R15 From CMP-00078-1[ERJ-14NF1001U] To CMP-00078-1[ERJ-14NF1001U] in KamiGen2.SchDoc
Update Managed Component SW1 From CMP-00098-1[JS102000SAQN] To CMP-00098-1[JS102000SAQN] in KamiGen2.SchDoc
Update Managed Component U1 From CMP-1773-00001-1[TB6612FNG] To CMP-1773-00001-1[TB6612FNG] in KamiGen2.SchDoc
Update Managed Component U2 From CMP-1773-00001-1[TB6612FNG] To CMP-1773-00001-1[TB6612FNG] in KamiGen2.SchDoc
Update Managed Component U3 From CMP-00114-1[AD8544ARZ] To CMP-00114-1[AD8544ARZ] in KamiGen2.SchDoc
Update Managed Component U3 From CMP-00114-1[AD8544ARZ] To CMP-00114-1[AD8544ARZ] in KamiGen2.SchDoc
Update Managed Component U3 From CMP-00114-1[AD8544ARZ] To CMP-00114-1[AD8544ARZ] in KamiGen2.SchDoc
Update Managed Component U4 From CMP-014-000002-1[MCP3004-I/SL] To CMP-014-000002-1[MCP3004-I/SL] in KamiGen2.SchDoc
